Using pre-set license
Built from '2020.3/staging' branch; Version is '2020.3.16f1 (049d6eca3c44) revision 302446'; Using compiler version '192528614'; Build Type 'Release'
OS: 'Windows 10 Education; OS build 18363.1854; Version 1909; 64bit' Language: 'en' Physical Memory: 12156 MB
BatchMode: 1, IsHumanControllingUs: 0, StartBugReporterOnCrash: 0, Is64bit: 1, IsPro: 0

 COMMAND LINE ARGUMENTS:
C:\Program Files\Unity\Hub\Editor\2020.3.16f1\Editor\Unity.exe
-adb2
-batchMode
-noUpm
-name
AssetImportWorker0
-projectPath
C:/Users/parker.ives/Documents/GitHub/WhatTheGhost
-logFile
Logs/AssetImportWorker0.log
-srvPort
56225
Successfully changed project path to: C:/Users/parker.ives/Documents/GitHub/WhatTheGhost
C:/Users/parker.ives/Documents/GitHub/WhatTheGhost
Using Asset Import Pipeline V2.
Refreshing native plugins compatible for Editor in 57.05 ms, found 3 plugins.
Preloading 0 native plugins for Editor in 0.00 ms.
Initialize engine version: 2020.3.16f1 (049d6eca3c44)
[Subsystems] Discovering subsystems at path C:/Program Files/Unity/Hub/Editor/2020.3.16f1/Editor/Data/Resources/UnitySubsystems
[Subsystems] Discovering subsystems at path C:/Users/parker.ives/Documents/GitHub/WhatTheGhost/Assets
GfxDevice: creating device client; threaded=0
Direct3D:
    Version:  Direct3D 11.0 [level 11.0]
    Renderer: NVIDIA GeForce GTX 560 Ti (ID=0x1200)
    Vendor:   
    VRAM:     979 MB
    Driver:   22.21.13.8494
Initialize mono
Mono path[0] = 'C:/Program Files/Unity/Hub/Editor/2020.3.16f1/Editor/Data/Managed'
Mono path[1] = 'C:/Program Files/Unity/Hub/Editor/2020.3.16f1/Editor/Data/MonoBleedingEdge/lib/mono/unityjit'
Mono config path = 'C:/Program Files/Unity/Hub/Editor/2020.3.16f1/Editor/Data/MonoBleedingEdge/etc'
Using monoOptions --debugger-agent=transport=dt_socket,embedding=1,server=y,suspend=n,address=127.0.0.1:56096
Begin MonoManager ReloadAssembly
Registering precompiled unity dll's ...
Register platform support module: C:/Program Files/Unity/Hub/Editor/2020.3.16f1/Editor/Data/PlaybackEngines/WebGLSupport/UnityEditor.WebGL.Extensions.dll
Register platform support module: C:/Program Files/Unity/Hub/Editor/2020.3.16f1/Editor/Data/PlaybackEngines/WindowsStandaloneSupport/UnityEditor.WindowsStandalone.Extensions.dll
Registered in 0.003399 seconds.
Native extension for WindowsStandalone target not found
Native extension for WebGL target not found
Refreshing native plugins compatible for Editor in 55.52 ms, found 3 plugins.
Preloading 0 native plugins for Editor in 0.00 ms.
Mono: successfully reloaded assembly
- Completed reload, in  1.553 seconds
Domain Reload Profiling:
	ReloadAssembly (1553ms)
		BeginReloadAssembly (72ms)
			ExecutionOrderSort (0ms)
			DisableScriptedObjects (0ms)
			BackupInstance (0ms)
			ReleaseScriptingObjects (0ms)
			CreateAndSetChildDomain (1ms)
		EndReloadAssembly (549ms)
			LoadAssemblies (68ms)
			RebuildTransferFunctionScriptingTraits (0ms)
			SetupTypeCache (195ms)
			ReleaseScriptCaches (0ms)
			RebuildScriptCaches (40ms)
			SetupLoadedEditorAssemblies (216ms)
				LogAssemblyErrors (0ms)
				InitializePlatformSupportModulesInManaged (6ms)
				SetLoadedEditorAssemblies (0ms)
				RefreshPlugins (56ms)
				BeforeProcessingInitializeOnLoad (20ms)
				ProcessInitializeOnLoadAttributes (99ms)
				ProcessInitializeOnLoadMethodAttributes (34ms)
				AfterProcessingInitializeOnLoad (0ms)
				EditorAssembliesLoaded (0ms)
			ExecutionOrderSort2 (0ms)
			AwakeInstancesAfterBackupRestoration (0ms)
Platform modules already initialized, skipping
Registering precompiled user dll's ...
Registered in 0.007222 seconds.
Begin MonoManager ReloadAssembly
Native extension for WindowsStandalone target not found
Native extension for WebGL target not found
Refreshing native plugins compatible for Editor in 53.14 ms, found 3 plugins.
Preloading 0 native plugins for Editor in 0.00 ms.
Mono: successfully reloaded assembly
- Completed reload, in  1.605 seconds
Domain Reload Profiling:
	ReloadAssembly (1606ms)
		BeginReloadAssembly (188ms)
			ExecutionOrderSort (0ms)
			DisableScriptedObjects (6ms)
			BackupInstance (0ms)
			ReleaseScriptingObjects (0ms)
			CreateAndSetChildDomain (22ms)
		EndReloadAssembly (1332ms)
			LoadAssemblies (118ms)
			RebuildTransferFunctionScriptingTraits (0ms)
			SetupTypeCache (405ms)
			ReleaseScriptCaches (1ms)
			RebuildScriptCaches (64ms)
			SetupLoadedEditorAssemblies (576ms)
				LogAssemblyErrors (0ms)
				InitializePlatformSupportModulesInManaged (6ms)
				SetLoadedEditorAssemblies (0ms)
				RefreshPlugins (53ms)
				BeforeProcessingInitializeOnLoad (98ms)
				ProcessInitializeOnLoadAttributes (392ms)
				ProcessInitializeOnLoadMethodAttributes (16ms)
				AfterProcessingInitializeOnLoad (10ms)
				EditorAssembliesLoaded (0ms)
			ExecutionOrderSort2 (0ms)
			AwakeInstancesAfterBackupRestoration (9ms)
Platform modules already initialized, skipping
========================================================================
Worker process is ready to serve import requests
Launched and connected shader compiler UnityShaderCompiler.exe after 0.05 seconds
Refreshing native plugins compatible for Editor in 0.84 ms, found 3 plugins.
Preloading 0 native plugins for Editor in 0.00 ms.
Unloading 2091 Unused Serialized files (Serialized files now loaded: 0)
System memory in use before: 93.0 MB.
System memory in use after: 93.1 MB.

Unloading 28 unused Assets to reduce memory usage. Loaded Objects now: 2528.
Total: 3.880700 ms (FindLiveObjects: 0.198200 ms CreateObjectMapping: 0.074900 ms MarkObjects: 3.520600 ms  DeleteObjects: 0.085600 ms)

AssetImportParameters requested are different than current active one (requested -> active):
  custom:framework-win-MediaFoundation: 216162199b28c13a410421893ffa2e32 -> 
  custom:video-decoder-ogg-theora: a1e56fd34408186e4bbccfd4996cb3dc -> 
  custom:container-muxer-webm: aa71ff27fc2769a1b78a27578f13a17b -> 
  custom:container-demuxer-webm: 4f35f7cbe854078d1ac9338744f61a02 -> 
  custom:container-demuxer-ogg: 62fdf1f143b41e24485cea50d1cbac27 -> 
  custom:video-encoder-webm-vp8: eb34c28f22e8b96e1ab97ce403110664 -> 
  custom:video-decoder-webm-vp8: 9c59270c3fd7afecdb556c50c9e8de78 -> 
  custom:audio-decoder-ogg-vorbis: bf7c407c2cedff20999df2af8eb42d56 -> 
  custom:audio-encoder-webm-vorbis: bf7c407c2cedff20999df2af8eb42d56 -> 
========================================================================
Received Import Request.
  path: Assets/New Folder
  artifactKey: Guid(f53384c9466e0544e96a100ed13824db) Importer(815301076,1909f56bfc062723c751e8b465ee728b)
Start importing Assets/New Folder using Guid(f53384c9466e0544e96a100ed13824db) Importer(815301076,1909f56bfc062723c751e8b465ee728b)  -> (artifact id: 'c33ea1ba893425788cf88cfe01806447') in 0.011047 seconds 
  Import took 0.015031 seconds .

========================================================================
Received Import Request.
  Time since last request: 0.864556 seconds.
  path: Assets
  artifactKey: Guid(00000000000000001000000000000000) Importer(815301076,1909f56bfc062723c751e8b465ee728b)
Start importing Assets using Guid(00000000000000001000000000000000) Importer(815301076,1909f56bfc062723c751e8b465ee728b)  -> (artifact id: '42d402b061de3733987d63b9cc3b64de') in 0.008805 seconds 
  Import took 0.016489 seconds .

========================================================================
Received Import Request.
  Time since last request: 2.174112 seconds.
  path: Assets/New Folder 1
  artifactKey: Guid(a7a7b60961539b5449853ed6f6e483eb) Importer(815301076,1909f56bfc062723c751e8b465ee728b)
Start importing Assets/New Folder 1 using Guid(a7a7b60961539b5449853ed6f6e483eb) Importer(815301076,1909f56bfc062723c751e8b465ee728b)  -> (artifact id: '052a036065a9339fa95830108d8f9d60') in 0.006359 seconds 
  Import took 0.010840 seconds .

========================================================================
Received Import Request.
  Time since last request: 2.079564 seconds.
  path: Assets/New Folder 1/New Folder
  artifactKey: Guid(8ce812e590321564b93586521647c32e) Importer(815301076,1909f56bfc062723c751e8b465ee728b)
Start importing Assets/New Folder 1/New Folder using Guid(8ce812e590321564b93586521647c32e) Importer(815301076,1909f56bfc062723c751e8b465ee728b)  -> (artifact id: '43a8e189249d42deb7b6d4465aa29303') in 0.005873 seconds 
  Import took 0.010837 seconds .

========================================================================
Received Import Request.
  Time since last request: 5.747787 seconds.
  path: Assets/New Folder 2
  artifactKey: Guid(e4eeaa75cca524a4db603f420e8a8c88) Importer(815301076,1909f56bfc062723c751e8b465ee728b)
Start importing Assets/New Folder 2 using Guid(e4eeaa75cca524a4db603f420e8a8c88) Importer(815301076,1909f56bfc062723c751e8b465ee728b)  -> (artifact id: 'fd5f5e19afb23d3efd6d192d15142063') in 0.004361 seconds 
  Import took 0.009302 seconds .

========================================================================
Received Import Request.
  Time since last request: 6.114421 seconds.
  path: Assets/Sprites
  artifactKey: Guid(e2bee7104cb12aa42b84a21d44320c00) Importer(815301076,1909f56bfc062723c751e8b465ee728b)
Start importing Assets/Sprites using Guid(e2bee7104cb12aa42b84a21d44320c00) Importer(815301076,1909f56bfc062723c751e8b465ee728b)  -> (artifact id: '18d3a3080e803e98909228e7c1040e5c') in 0.006126 seconds 
  Import took 0.010564 seconds .

========================================================================
Received Import Request.
  Time since last request: 7.494820 seconds.
  path: Assets/Scripts
  artifactKey: Guid(e4eeaa75cca524a4db603f420e8a8c88) Importer(815301076,1909f56bfc062723c751e8b465ee728b)
Start importing Assets/Scripts using Guid(e4eeaa75cca524a4db603f420e8a8c88) Importer(815301076,1909f56bfc062723c751e8b465ee728b)  -> (artifact id: '9d9e889955567b10e71518ea617b69bd') in 0.004578 seconds 
  Import took 0.009037 seconds .

========================================================================
Received Import Request.
  Time since last request: 5.755525 seconds.
  path: Assets/Physics
  artifactKey: Guid(a7a7b60961539b5449853ed6f6e483eb) Importer(815301076,1909f56bfc062723c751e8b465ee728b)
Start importing Assets/Physics using Guid(a7a7b60961539b5449853ed6f6e483eb) Importer(815301076,1909f56bfc062723c751e8b465ee728b)  -> (artifact id: '4da037836beaa33073a66aaa38b599d5') in 0.005231 seconds 
  Import took 0.009774 seconds .

========================================================================
Received Import Request.
  Time since last request: 59.601952 seconds.
  path: Assets/Prefabs
  artifactKey: Guid(f53384c9466e0544e96a100ed13824db) Importer(815301076,1909f56bfc062723c751e8b465ee728b)
Start importing Assets/Prefabs using Guid(f53384c9466e0544e96a100ed13824db) Importer(815301076,1909f56bfc062723c751e8b465ee728b)  -> (artifact id: 'c72c3ea6eba7592577fe54f5be29af3e') in 0.004887 seconds 
  Import took 0.009835 seconds .

========================================================================
Received Import Request.
  Time since last request: 17.219134 seconds.
  path: Assets/Scenes
  artifactKey: Guid(8dacfdc701ec6214d88914fa5fd2f4d0) Importer(815301076,1909f56bfc062723c751e8b465ee728b)
Start importing Assets/Scenes using Guid(8dacfdc701ec6214d88914fa5fd2f4d0) Importer(815301076,1909f56bfc062723c751e8b465ee728b)  -> (artifact id: '877261756ffbc2af81d48b76d12435c9') in 0.004515 seconds 
  Import took 0.009182 seconds .

========================================================================
Received Import Request.
  Time since last request: 25.076193 seconds.
  path: Assets/Audio
  artifactKey: Guid(5d75969897287e3499e5a9c0311f8b25) Importer(815301076,1909f56bfc062723c751e8b465ee728b)
Start importing Assets/Audio using Guid(5d75969897287e3499e5a9c0311f8b25) Importer(815301076,1909f56bfc062723c751e8b465ee728b)  -> (artifact id: 'f5211c82a447ebeeb3152b9a961ae5cf') in 0.006323 seconds 
  Import took 0.010664 seconds .

AssetImportWorkerClient::OnTransportError - code=2 error=End of file
